[Fri Aug 04 16:06:25.961834 2023] [mpm_winnt:notice] [pid 11256:tid 688] AH00455: Apache/2.4.46 (Win32) PHP/7.4.12 configured -- resuming normal operations
[Fri Aug 04 16:06:25.961834 2023] [mpm_winnt:notice] [pid 11256:tid 688] AH00456: Apache Lounge VS16 Server built: Oct  2 2020 10:45:47
[Fri Aug 04 16:06:25.961834 2023] [core:notice] [pid 11256:tid 688] AH00094: Command line: 'mapache.exe -d C:/Users/esnak/Downloads/dokuwiki/DokuWikiStick/server'
[Fri Aug 04 16:06:25.965973 2023] [mpm_winnt:notice] [pid 11256:tid 688] AH00418: Parent: Created child process 15588
[Fri Aug 04 16:06:26.433868 2023] [mpm_winnt:notice] [pid 15588:tid 676] AH00354: Child: Starting 24 worker threads.
[Fri Aug 04 16:06:26.536012 2023] [authz_core:error] [pid 15588:tid 868] [client 127.0.0.1:52361] AH01630: client denied by server configuration: C:/Users/esnak/Downloads/dokuwiki/DokuWikiStick/dokuwiki/data/dont-panic-if-you-see-this-in-your-logs-it-means-your-directory-permissions-are-correct.png, referer: http://localhost:8800/install.php
[Fri Aug 04 16:08:06.154037 2023] [authz_core:error] [pid 15588:tid 876] [client ::1:52368] AH01630: client denied by server configuration: C:/Users/esnak/Downloads/dokuwiki/DokuWikiStick/dokuwiki/data/dont-panic-if-you-see-this-in-your-logs-it-means-your-directory-permissions-are-correct.png, referer: http://localhost:8800/install.php
[Sun Aug 06 08:22:08.649861 2023] [core:warn] [pid 5636:tid 628] AH00098: pid file C:/Users/esnak/Documents/dokuwiki/EmpireOfCalladoniaWiki/DokuWikiStick/server/logs/httpd.pid overwritten -- Unclean shutdown of previous Apache run?
[Sun Aug 06 08:22:08.914154 2023] [mpm_winnt:notice] [pid 5636:tid 628] AH00455: Apache/2.4.46 (Win32) PHP/7.4.12 configured -- resuming normal operations
[Sun Aug 06 08:22:08.914154 2023] [mpm_winnt:notice] [pid 5636:tid 628] AH00456: Apache Lounge VS16 Server built: Oct  2 2020 10:45:47
[Sun Aug 06 08:22:08.914154 2023] [core:notice] [pid 5636:tid 628] AH00094: Command line: 'mapache.exe -d C:/Users/esnak/Documents/dokuwiki/EmpireOfCalladoniaWiki/DokuWikiStick/server'
[Sun Aug 06 08:22:08.917216 2023] [mpm_winnt:notice] [pid 5636:tid 628] AH00418: Parent: Created child process 1960
[Sun Aug 06 08:22:09.254133 2023] [mpm_winnt:notice] [pid 1960:tid 704] AH00354: Child: Starting 24 worker threads.
[Wed Aug 16 11:43:37.334622 2023] [core:warn] [pid 21412:tid 612] AH00098: pid file C:/Users/ehunter/Personal/EmpireOfCalladoniaWiki/DokuWikiStick/server/logs/httpd.pid overwritten -- Unclean shutdown of previous Apache run?
[Wed Aug 16 11:43:37.385634 2023] [mpm_winnt:notice] [pid 21412:tid 612] AH00455: Apache/2.4.46 (Win32) PHP/7.4.12 configured -- resuming normal operations
[Wed Aug 16 11:43:37.385634 2023] [mpm_winnt:notice] [pid 21412:tid 612] AH00456: Apache Lounge VS16 Server built: Oct  2 2020 10:45:47
[Wed Aug 16 11:43:37.385634 2023] [core:notice] [pid 21412:tid 612] AH00094: Command line: 'mapache.exe -d C:/Users/ehunter/Personal/EmpireOfCalladoniaWiki/DokuWikiStick/server'
[Wed Aug 16 11:43:37.391631 2023] [mpm_winnt:notice] [pid 21412:tid 612] AH00418: Parent: Created child process 7428
[Wed Aug 16 11:43:37.904090 2023] [mpm_winnt:notice] [pid 7428:tid 744] AH00354: Child: Starting 24 worker threads.
[Wed Aug 16 11:59:57.387384 2023] [mpm_winnt:crit] [pid 7428:tid 744] AH02538: Child: Parent process exited abruptly. Child process is ending
[Wed Aug 16 11:59:57.387384 2023] [mpm_winnt:warn] [pid 7428:tid 1404] (OS 995)The I/O operation has been aborted because of either a thread exit or an application request.  : AH00341: winnt_accept: Asynchronous AcceptEx failed.
[Wed Aug 16 11:59:57.387384 2023] [mpm_winnt:warn] [pid 7428:tid 1292] (OS 995)The I/O operation has been aborted because of either a thread exit or an application request.  : AH00341: winnt_accept: Asynchronous AcceptEx failed.
[Wed Aug 16 12:00:09.539164 2023] [mpm_winnt:notice] [pid 7428:tid 744] AH00364: Child: All worker threads have exited.
[Wed Aug 16 16:01:07.083677 2023] [core:warn] [pid 23792:tid 220] AH00098: pid file C:/Users/Ethan Hunter/Documents/WindowsPowerShell/EmpireOfCalladoniaWiki/DokuWikiStick/server/logs/httpd.pid overwritten -- Unclean shutdown of previous Apache run?
[Wed Aug 16 16:01:07.407999 2023] [mpm_winnt:notice] [pid 23792:tid 220] AH00455: Apache/2.4.46 (Win32) PHP/7.4.12 configured -- resuming normal operations
[Wed Aug 16 16:01:07.407999 2023] [mpm_winnt:notice] [pid 23792:tid 220] AH00456: Apache Lounge VS16 Server built: Oct  2 2020 10:45:47
[Wed Aug 16 16:01:07.407999 2023] [core:notice] [pid 23792:tid 220] AH00094: Command line: 'mapache.exe -d C:/Users/Ethan Hunter/Documents/WindowsPowerShell/EmpireOfCalladoniaWiki/DokuWikiStick/server'
[Wed Aug 16 16:01:07.410992 2023] [mpm_winnt:notice] [pid 23792:tid 220] AH00418: Parent: Created child process 21228
[Wed Aug 16 16:01:07.968328 2023] [mpm_winnt:notice] [pid 21228:tid 704] AH00354: Child: Starting 24 worker threads.
[Wed Aug 16 19:30:19.605006 2023] [core:warn] [pid 15188:tid 592] AH00098: pid file C:/Users/Ethan Hunter/Documents/WorldBuilding/EmpireOfCalladoniaWiki/DokuWikiStick/server/logs/httpd.pid overwritten -- Unclean shutdown of previous Apache run?
[Wed Aug 16 19:30:19.651881 2023] [mpm_winnt:notice] [pid 15188:tid 592] AH00455: Apache/2.4.46 (Win32) PHP/7.4.12 configured -- resuming normal operations
[Wed Aug 16 19:30:19.651881 2023] [mpm_winnt:notice] [pid 15188:tid 592] AH00456: Apache Lounge VS16 Server built: Oct  2 2020 10:45:47
[Wed Aug 16 19:30:19.651881 2023] [core:notice] [pid 15188:tid 592] AH00094: Command line: 'mapache.exe -d C:/Users/Ethan Hunter/Documents/WorldBuilding/EmpireOfCalladoniaWiki/DokuWikiStick/server'
[Wed Aug 16 19:30:19.654873 2023] [mpm_winnt:notice] [pid 15188:tid 592] AH00418: Parent: Created child process 16320
[Wed Aug 16 19:30:20.224338 2023] [mpm_winnt:notice] [pid 16320:tid 700] AH00354: Child: Starting 24 worker threads.
[Fri Aug 18 16:51:48.718894 2023] [core:warn] [pid 18356:tid 592] AH00098: pid file C:/Users/esnak/Documents/dokuwiki/EmpireOfCalladoniaWiki/DokuWikiStick/server/logs/httpd.pid overwritten -- Unclean shutdown of previous Apache run?
[Fri Aug 18 16:51:48.768450 2023] [mpm_winnt:notice] [pid 18356:tid 592] AH00455: Apache/2.4.46 (Win32) PHP/7.4.12 configured -- resuming normal operations
[Fri Aug 18 16:51:48.768450 2023] [mpm_winnt:notice] [pid 18356:tid 592] AH00456: Apache Lounge VS16 Server built: Oct  2 2020 10:45:47
[Fri Aug 18 16:51:48.768450 2023] [core:notice] [pid 18356:tid 592] AH00094: Command line: 'mapache.exe -d C:/Users/esnak/Documents/dokuwiki/EmpireOfCalladoniaWiki/DokuWikiStick/server'
[Fri Aug 18 16:51:48.774928 2023] [mpm_winnt:notice] [pid 18356:tid 592] AH00418: Parent: Created child process 13248
[Fri Aug 18 16:51:49.376741 2023] [mpm_winnt:notice] [pid 13248:tid 548] AH00354: Child: Starting 24 worker threads.
[Wed Aug 23 08:52:43.921123 2023] [core:warn] [pid 21336:tid 552] AH00098: pid file C:/Users/ehunter/Personal/EmpireOfCalladoniaWiki/DokuWikiStick/server/logs/httpd.pid overwritten -- Unclean shutdown of previous Apache run?
[Wed Aug 23 08:52:43.978119 2023] [mpm_winnt:notice] [pid 21336:tid 552] AH00455: Apache/2.4.46 (Win32) PHP/7.4.12 configured -- resuming normal operations
[Wed Aug 23 08:52:43.978119 2023] [mpm_winnt:notice] [pid 21336:tid 552] AH00456: Apache Lounge VS16 Server built: Oct  2 2020 10:45:47
[Wed Aug 23 08:52:43.978119 2023] [core:notice] [pid 21336:tid 552] AH00094: Command line: 'mapache.exe -d C:/Users/ehunter/Personal/EmpireOfCalladoniaWiki/DokuWikiStick/server'
[Wed Aug 23 08:52:43.983118 2023] [mpm_winnt:notice] [pid 21336:tid 552] AH00418: Parent: Created child process 16828
[Wed Aug 23 08:52:44.489642 2023] [mpm_winnt:notice] [pid 16828:tid 700] AH00354: Child: Starting 24 worker threads.
